{"C:\\Users\\glori\\OneDrive\\Documents\\ntdata\\BOOTCAMPFRONTEND-REACT-NTT\\src\\App.tsx": {"path":"C:\\Users\\glori\\OneDrive\\Documents\\ntdata\\BOOTCAMPFRONTEND-REACT-NTT\\src\\App.tsx","statementMap":{"0":{"start":{"line":1,"column":0},"end":{"line":1,"column":42}},"1":{"start":{"line":2,"column":0},"end":{"line":2,"column":64}},"2":{"start":{"line":3,"column":0},"end":{"line":3,"column":55}},"3":{"start":{"line":4,"column":0},"end":{"line":4,"column":40}},"4":{"start":{"line":5,"column":0},"end":{"line":5,"column":46}},"5":{"start":{"line":6,"column":0},"end":{"line":6,"column":60}},"6":{"start":{"line":8,"column":0},"end":{"line":8,"column":40}},"7":{"start":{"line":9,"column":0},"end":{"line":9,"column":34}},"8":{"start":{"line":12,"column":34},"end":{"line":12,"column":57}},"9":{"start":{"line":13,"column":25},"end":{"line":13,"column":64}},"10":{"start":{"line":13,"column":39},"end":{"line":13,"column":59}},"11":{"start":{"line":15,"column":23},"end":{"line":18,"column":4}},"12":{"start":{"line":15,"column":47},"end":{"line":18,"column":4}},"13":{"start":{"line":16,"column":28},"end":{"line":16,"column":70}},"14":{"start":{"line":17,"column":4},"end":{"line":17,"column":33}},"15":{"start":{"line":20,"column":2},"end":{"line":30,"column":4}},"16":{"start":{"line":33,"column":0},"end":{"line":33,"column":19}}},"fnMap":{"0":{"name":"App","decl":{"start":{"line":11,"column":9},"end":{"line":11,"column":12}},"loc":{"start":{"line":11,"column":12},"end":{"line":31,"column":1}}},"1":{"name":"(anonymous_9)","decl":{"start":{"line":13,"column":33},"end":{"line":13,"column":36}},"loc":{"start":{"line":13,"column":39},"end":{"line":13,"column":59}}},"2":{"name":"(anonymous_10)","decl":{"start":{"line":15,"column":23},"end":{"line":15,"column":30}},"loc":{"start":{"line":15,"column":47},"end":{"line":18,"column":4}}},"3":{"name":"(anonymous_11)","decl":{"start":{"line":15,"column":47},"end":{"line":15,"column":null}},"loc":{"start":{"line":15,"column":47},"end":{"line":18,"column":3}}}},"branchMap":{},"s":{"0":0,"1":0,"2":0,"3":0,"4":0,"5":0,"6":0,"7":0,"8":0,"9":0,"10":0,"11":0,"12":0,"13":0,"14":0,"15":0,"16":0},"f":{"0":0,"1":0,"2":0,"3":0},"b":{}}
,"C:\\Users\\glori\\OneDrive\\Documents\\ntdata\\BOOTCAMPFRONTEND-REACT-NTT\\src\\components\\Login\\EmailSent\\EmailSent.tsx": {"path":"C:\\Users\\glori\\OneDrive\\Documents\\ntdata\\BOOTCAMPFRONTEND-REACT-NTT\\src\\components\\Login\\EmailSent\\EmailSent.tsx","statementMap":{"0":{"start":{"line":2,"column":0},"end":{"line":2,"column":25}},"1":{"start":{"line":3,"column":0},"end":{"line":3,"column":40}},"2":{"start":{"line":6,"column":44},"end":{"line":25,"column":1}},"3":{"start":{"line":11,"column":2},"end":{"line":11,"column":27}},"4":{"start":{"line":11,"column":15},"end":{"line":11,"column":27}},"5":{"start":{"line":13,"column":2},"end":{"line":24,"column":4}},"6":{"start":{"line":27,"column":0},"end":{"line":27,"column":25}}},"fnMap":{"0":{"name":"(anonymous_0)","decl":{"start":{"line":6,"column":44},"end":{"line":6,"column":45}},"loc":{"start":{"line":10,"column":5},"end":{"line":25,"column":1}}}},"branchMap":{"0":{"loc":{"start":{"line":11,"column":2},"end":{"line":11,"column":27}},"type":"if","locations":[{"start":{"line":11,"column":2},"end":{"line":11,"column":27}}]}},"s":{"0":1,"1":1,"2":1,"3":1,"4":0,"5":1,"6":1},"f":{"0":1},"b":{"0":[0]}}
,"C:\\Users\\glori\\OneDrive\\Documents\\ntdata\\BOOTCAMPFRONTEND-REACT-NTT\\src\\components\\Login\\ForgotPassword\\ForgotPassword.tsx": {"path":"C:\\Users\\glori\\OneDrive\\Documents\\ntdata\\BOOTCAMPFRONTEND-REACT-NTT\\src\\components\\Login\\ForgotPassword\\ForgotPassword.tsx","statementMap":{"0":{"start":{"line":1,"column":0},"end":{"line":1,"column":40}},"1":{"start":{"line":2,"column":0},"end":{"line":2,"column":30}},"2":{"start":{"line":4,"column":0},"end":{"line":4,"column":47}},"3":{"start":{"line":5,"column":0},"end":{"line":5,"column":65}},"4":{"start":{"line":11,"column":54},"end":{"line":100,"column":1}},"5":{"start":{"line":19,"column":30},"end":{"line":19,"column":61}},"6":{"start":{"line":20,"column":54},"end":{"line":20,"column":69}},"7":{"start":{"line":22,"column":2},"end":{"line":22,"column":27}},"8":{"start":{"line":22,"column":15},"end":{"line":22,"column":27}},"9":{"start":{"line":24,"column":19},"end":{"line":36,"column":3}},"10":{"start":{"line":25,"column":30},"end":{"line":25,"column":43}},"11":{"start":{"line":27,"column":23},"end":{"line":27,"column":43}},"12":{"start":{"line":28,"column":4},"end":{"line":30,"column":5}},"13":{"start":{"line":29,"column":6},"end":{"line":29,"column":35}},"14":{"start":{"line":32,"column":4},"end":{"line":32,"column":25}},"15":{"start":{"line":35,"column":4},"end":{"line":35,"column":88}},"16":{"start":{"line":35,"column":49},"end":{"line":35,"column":86}},"17":{"start":{"line":38,"column":23},"end":{"line":45,"column":3}},"18":{"start":{"line":39,"column":4},"end":{"line":39,"column":23}},"19":{"start":{"line":41,"column":4},"end":{"line":44,"column":5}},"20":{"start":{"line":42,"column":6},"end":{"line":42,"column":34}},"21":{"start":{"line":43,"column":6},"end":{"line":43,"column":22}},"22":{"start":{"line":47,"column":34},"end":{"line":50,"column":3}},"23":{"start":{"line":48,"column":4},"end":{"line":48,"column":33}},"24":{"start":{"line":49,"column":4},"end":{"line":49,"column":14}},"25":{"start":{"line":52,"column":2},"end":{"line":99,"column":4}},"26":{"start":{"line":66,"column":16},"end":{"line":66,"column":46}},"27":{"start":{"line":67,"column":16},"end":{"line":67,"column":41}},"28":{"start":{"line":102,"column":0},"end":{"line":102,"column":30}}},"fnMap":{"0":{"name":"(anonymous_1)","decl":{"start":{"line":11,"column":54},"end":{"line":11,"column":55}},"loc":{"start":{"line":17,"column":5},"end":{"line":100,"column":1}}},"1":{"name":"(anonymous_2)","decl":{"start":{"line":24,"column":19},"end":{"line":24,"column":31}},"loc":{"start":{"line":24,"column":33},"end":{"line":36,"column":3}}},"2":{"name":"(anonymous_3)","decl":{"start":{"line":35,"column":40},"end":{"line":35,"column":41}},"loc":{"start":{"line":35,"column":49},"end":{"line":35,"column":86}}},"3":{"name":"(anonymous_4)","decl":{"start":{"line":38,"column":23},"end":{"line":38,"column":24}},"loc":{"start":{"line":38,"column":46},"end":{"line":45,"column":3}}},"4":{"name":"(anonymous_5)","decl":{"start":{"line":47,"column":34},"end":{"line":47,"column":37}},"loc":{"start":{"line":47,"column":39},"end":{"line":50,"column":3}}},"5":{"name":"(anonymous_6)","decl":{"start":{"line":65,"column":24},"end":{"line":65,"column":25}},"loc":{"start":{"line":65,"column":30},"end":{"line":68,"column":15}}}},"branchMap":{"0":{"loc":{"start":{"line":22,"column":2},"end":{"line":22,"column":27}},"type":"if","locations":[{"start":{"line":22,"column":2},"end":{"line":22,"column":27}}]},"1":{"loc":{"start":{"line":28,"column":4},"end":{"line":30,"column":5}},"type":"if","locations":[{"start":{"line":28,"column":4},"end":{"line":30,"column":5}}]},"2":{"loc":{"start":{"line":41,"column":4},"end":{"line":44,"column":5}},"type":"if","locations":[{"start":{"line":41,"column":4},"end":{"line":44,"column":5}}]},"3":{"loc":{"start":{"line":71,"column":13},"end":{"line":71,"column":74}},"type":"binary-expr","locations":[{"start":{"line":71,"column":13},"end":{"line":71,"column":25}},{"start":{"line":71,"column":29},"end":{"line":71,"column":74}}]},"4":{"loc":{"start":{"line":91,"column":7},"end":{"line":96,"column":null}},"type":"binary-expr","locations":[{"start":{"line":91,"column":7},"end":{"line":91,"column":25}},{"start":{"line":92,"column":8},"end":{"line":95,"column":null}}]}},"s":{"0":1,"1":1,"2":1,"3":1,"4":1,"5":8,"6":8,"7":8,"8":1,"9":7,"10":1,"11":1,"12":1,"13":0,"14":1,"15":1,"16":1,"17":7,"18":1,"19":1,"20":1,"21":1,"22":7,"23":0,"24":0,"25":7,"26":1,"27":1,"28":1},"f":{"0":8,"1":1,"2":1,"3":1,"4":0,"5":1},"b":{"0":[1],"1":[0],"2":[1],"3":[7,0],"4":[7,1]}}
,"C:\\Users\\glori\\OneDrive\\Documents\\ntdata\\BOOTCAMPFRONTEND-REACT-NTT\\src\\components\\common\\Footer\\Footer.tsx": {"path":"C:\\Users\\glori\\OneDrive\\Documents\\ntdata\\BOOTCAMPFRONTEND-REACT-NTT\\src\\components\\common\\Footer\\Footer.tsx","statementMap":{"0":{"start":{"line":1,"column":0},"end":{"line":1,"column":22}},"1":{"start":{"line":3,"column":15},"end":{"line":48,"column":1}},"2":{"start":{"line":4,"column":2},"end":{"line":47,"column":4}},"3":{"start":{"line":50,"column":0},"end":{"line":50,"column":22}}},"fnMap":{"0":{"name":"(anonymous_0)","decl":{"start":{"line":3,"column":15},"end":{"line":3,"column":18}},"loc":{"start":{"line":3,"column":20},"end":{"line":48,"column":1}}}},"branchMap":{},"s":{"0":0,"1":0,"2":0,"3":0},"f":{"0":0},"b":{}}
,"C:\\Users\\glori\\OneDrive\\Documents\\ntdata\\BOOTCAMPFRONTEND-REACT-NTT\\src\\components\\common\\Layout\\Layout.tsx": {"path":"C:\\Users\\glori\\OneDrive\\Documents\\ntdata\\BOOTCAMPFRONTEND-REACT-NTT\\src\\components\\common\\Layout\\Layout.tsx","statementMap":{"0":{"start":{"line":2,"column":0},"end":{"line":2,"column":38}},"1":{"start":{"line":3,"column":0},"end":{"line":3,"column":38}},"2":{"start":{"line":10,"column":15},"end":{"line":18,"column":1}},"3":{"start":{"line":11,"column":2},"end":{"line":17,"column":4}},"4":{"start":{"line":20,"column":0},"end":{"line":20,"column":22}}},"fnMap":{"0":{"name":"(anonymous_1)","decl":{"start":{"line":10,"column":15},"end":{"line":10,"column":16}},"loc":{"start":{"line":10,"column":55},"end":{"line":18,"column":1}}}},"branchMap":{},"s":{"0":0,"1":0,"2":0,"3":0,"4":0},"f":{"0":0},"b":{}}
,"C:\\Users\\glori\\OneDrive\\Documents\\ntdata\\BOOTCAMPFRONTEND-REACT-NTT\\src\\components\\common\\Navbar\\Navbar.tsx": {"path":"C:\\Users\\glori\\OneDrive\\Documents\\ntdata\\BOOTCAMPFRONTEND-REACT-NTT\\src\\components\\common\\Navbar\\Navbar.tsx","statementMap":{"0":{"start":{"line":1,"column":0},"end":{"line":1,"column":54}},"1":{"start":{"line":2,"column":0},"end":{"line":2,"column":59}},"2":{"start":{"line":3,"column":0},"end":{"line":3,"column":60}},"3":{"start":{"line":4,"column":0},"end":{"line":4,"column":67}},"4":{"start":{"line":6,"column":0},"end":{"line":6,"column":22}},"5":{"start":{"line":7,"column":0},"end":{"line":7,"column":50}},"6":{"start":{"line":13,"column":15},"end":{"line":163,"column":1}},"7":{"start":{"line":14,"column":40},"end":{"line":14,"column":52}},"8":{"start":{"line":15,"column":48},"end":{"line":15,"column":77}},"9":{"start":{"line":16,"column":44},"end":{"line":16,"column":67}},"10":{"start":{"line":17,"column":22},"end":{"line":17,"column":45}},"11":{"start":{"line":18,"column":2},"end":{"line":20,"column":3}},"12":{"start":{"line":19,"column":4},"end":{"line":19,"column":70}},"13":{"start":{"line":21,"column":20},"end":{"line":21,"column":31}},"14":{"start":{"line":22,"column":19},"end":{"line":22,"column":32}},"15":{"start":{"line":23,"column":19},"end":{"line":23,"column":32}},"16":{"start":{"line":24,"column":25},"end":{"line":24,"column":64}},"17":{"start":{"line":24,"column":39},"end":{"line":24,"column":59}},"18":{"start":{"line":26,"column":28},"end":{"line":45,"column":3}},"19":{"start":{"line":27,"column":18},"end":{"line":27,"column":36}},"20":{"start":{"line":28,"column":4},"end":{"line":28,"column":26}},"21":{"start":{"line":30,"column":4},"end":{"line":32,"column":5}},"22":{"start":{"line":31,"column":6},"end":{"line":31,"column":36}},"23":{"start":{"line":34,"column":23},"end":{"line":42,"column":11}},"24":{"start":{"line":34,"column":45},"end":{"line":42,"column":7}},"25":{"start":{"line":35,"column":6},"end":{"line":35,"column":22}},"26":{"start":{"line":36,"column":6},"end":{"line":41,"column":7}},"27":{"start":{"line":37,"column":24},"end":{"line":37,"column":66}},"28":{"start":{"line":38,"column":8},"end":{"line":38,"column":34}},"29":{"start":{"line":40,"column":8},"end":{"line":40,"column":29}},"30":{"start":{"line":44,"column":4},"end":{"line":44,"column":43}},"31":{"start":{"line":47,"column":24},"end":{"line":47,"column":42}},"32":{"start":{"line":49,"column":2},"end":{"line":162,"column":4}},"33":{"start":{"line":52,"column":48},"end":{"line":52,"column":61}},"34":{"start":{"line":72,"column":18},"end":{"line":73,"column":null}},"35":{"start":{"line":74,"column":35},"end":{"line":74,"column":69}},"36":{"start":{"line":94,"column":31},"end":{"line":94,"column":53}},"37":{"start":{"line":121,"column":50},"end":{"line":121,"column":67}},"38":{"start":{"line":144,"column":16},"end":{"line":145,"column":null}},"39":{"start":{"line":146,"column":33},"end":{"line":146,"column":67}},"40":{"start":{"line":165,"column":0},"end":{"line":165,"column":22}}},"fnMap":{"0":{"name":"(anonymous_7)","decl":{"start":{"line":13,"column":15},"end":{"line":13,"column":16}},"loc":{"start":{"line":13,"column":45},"end":{"line":163,"column":1}}},"1":{"name":"(anonymous_8)","decl":{"start":{"line":24,"column":33},"end":{"line":24,"column":36}},"loc":{"start":{"line":24,"column":39},"end":{"line":24,"column":59}}},"2":{"name":"(anonymous_9)","decl":{"start":{"line":26,"column":28},"end":{"line":26,"column":29}},"loc":{"start":{"line":26,"column":75},"end":{"line":45,"column":3}}},"3":{"name":"(anonymous_10)","decl":{"start":{"line":34,"column":34},"end":{"line":34,"column":43}},"loc":{"start":{"line":34,"column":45},"end":{"line":42,"column":7}}},"4":{"name":"(anonymous_11)","decl":{"start":{"line":34,"column":45},"end":{"line":34,"column":null}},"loc":{"start":{"line":34,"column":45},"end":{"line":42,"column":5}}},"5":{"name":"(anonymous_12)","decl":{"start":{"line":52,"column":42},"end":{"line":52,"column":45}},"loc":{"start":{"line":52,"column":48},"end":{"line":52,"column":61}}},"6":{"name":"(anonymous_13)","decl":{"start":{"line":71,"column":35},"end":{"line":71,"column":36}},"loc":{"start":{"line":72,"column":18},"end":{"line":73,"column":null}}},"7":{"name":"(anonymous_14)","decl":{"start":{"line":74,"column":29},"end":{"line":74,"column":32}},"loc":{"start":{"line":74,"column":35},"end":{"line":74,"column":69}}},"8":{"name":"(anonymous_15)","decl":{"start":{"line":94,"column":25},"end":{"line":94,"column":28}},"loc":{"start":{"line":94,"column":31},"end":{"line":94,"column":53}}},"9":{"name":"(anonymous_16)","decl":{"start":{"line":121,"column":44},"end":{"line":121,"column":47}},"loc":{"start":{"line":121,"column":50},"end":{"line":121,"column":67}}},"10":{"name":"(anonymous_17)","decl":{"start":{"line":143,"column":33},"end":{"line":143,"column":34}},"loc":{"start":{"line":144,"column":16},"end":{"line":145,"column":null}}},"11":{"name":"(anonymous_18)","decl":{"start":{"line":146,"column":27},"end":{"line":146,"column":30}},"loc":{"start":{"line":146,"column":33},"end":{"line":146,"column":67}}}},"branchMap":{"0":{"loc":{"start":{"line":18,"column":2},"end":{"line":20,"column":3}},"type":"if","locations":[{"start":{"line":18,"column":2},"end":{"line":20,"column":3}}]},"1":{"loc":{"start":{"line":30,"column":4},"end":{"line":32,"column":5}},"type":"if","locations":[{"start":{"line":30,"column":4},"end":{"line":32,"column":5}}]},"2":{"loc":{"start":{"line":36,"column":6},"end":{"line":41,"column":7}},"type":"if","locations":[{"start":{"line":36,"column":6},"end":{"line":41,"column":7}},{"start":{"line":39,"column":13},"end":{"line":41,"column":7}}]},"3":{"loc":{"start":{"line":68,"column":11},"end":{"line":86,"column":null}},"type":"binary-expr","locations":[{"start":{"line":68,"column":11},"end":{"line":68,"column":36}},{"start":{"line":68,"column":40},"end":{"line":68,"column":64}},{"start":{"line":69,"column":12},"end":{"line":85,"column":null}}]},"4":{"loc":{"start":{"line":140,"column":9},"end":{"line":158,"column":null}},"type":"binary-expr","locations":[{"start":{"line":140,"column":9},"end":{"line":140,"column":34}},{"start":{"line":140,"column":38},"end":{"line":140,"column":62}},{"start":{"line":141,"column":10},"end":{"line":157,"column":null}}]}},"s":{"0":0,"1":0,"2":0,"3":0,"4":0,"5":0,"6":0,"7":0,"8":0,"9":0,"10":0,"11":0,"12":0,"13":0,"14":0,"15":0,"16":0,"17":0,"18":0,"19":0,"20":0,"21":0,"22":0,"23":0,"24":0,"25":0,"26":0,"27":0,"28":0,"29":0,"30":0,"31":0,"32":0,"33":0,"34":0,"35":0,"36":0,"37":0,"38":0,"39":0,"40":0},"f":{"0":0,"1":0,"2":0,"3":0,"4":0,"5":0,"6":0,"7":0,"8":0,"9":0,"10":0,"11":0},"b":{"0":[0],"1":[0],"2":[0,0],"3":[0,0,0],"4":[0,0,0]}}
,"C:\\Users\\glori\\OneDrive\\Documents\\ntdata\\BOOTCAMPFRONTEND-REACT-NTT\\src\\components\\common\\QuantityControls\\QuantityControls.tsx": {"path":"C:\\Users\\glori\\OneDrive\\Documents\\ntdata\\BOOTCAMPFRONTEND-REACT-NTT\\src\\components\\common\\QuantityControls\\QuantityControls.tsx","statementMap":{"0":{"start":{"line":1,"column":0},"end":{"line":1,"column":35}},"1":{"start":{"line":2,"column":0},"end":{"line":2,"column":59}},"2":{"start":{"line":4,"column":0},"end":{"line":4,"column":32}},"3":{"start":{"line":10,"column":25},"end":{"line":59,"column":1}},"4":{"start":{"line":11,"column":18},"end":{"line":11,"column":41}},"5":{"start":{"line":12,"column":2},"end":{"line":14,"column":3}},"6":{"start":{"line":13,"column":4},"end":{"line":13,"column":16}},"7":{"start":{"line":15,"column":30},"end":{"line":15,"column":37}},"8":{"start":{"line":16,"column":15},"end":{"line":16,"column":65}},"9":{"start":{"line":16,"column":42},"end":{"line":16,"column":64}},"10":{"start":{"line":18,"column":31},"end":{"line":20,"column":3}},"11":{"start":{"line":19,"column":4},"end":{"line":19,"column":61}},"12":{"start":{"line":22,"column":33},"end":{"line":24,"column":3}},"13":{"start":{"line":23,"column":4},"end":{"line":23,"column":62}},"14":{"start":{"line":26,"column":33},"end":{"line":28,"column":3}},"15":{"start":{"line":27,"column":4},"end":{"line":27,"column":62}},"16":{"start":{"line":30,"column":2},"end":{"line":58,"column":4}},"17":{"start":{"line":61,"column":0},"end":{"line":61,"column":32}}},"fnMap":{"0":{"name":"(anonymous_0)","decl":{"start":{"line":10,"column":25},"end":{"line":10,"column":26}},"loc":{"start":{"line":10,"column":64},"end":{"line":59,"column":1}}},"1":{"name":"(anonymous_1)","decl":{"start":{"line":16,"column":32},"end":{"line":16,"column":33}},"loc":{"start":{"line":16,"column":42},"end":{"line":16,"column":64}}},"2":{"name":"(anonymous_2)","decl":{"start":{"line":18,"column":31},"end":{"line":18,"column":34}},"loc":{"start":{"line":18,"column":36},"end":{"line":20,"column":3}}},"3":{"name":"(anonymous_3)","decl":{"start":{"line":22,"column":33},"end":{"line":22,"column":36}},"loc":{"start":{"line":22,"column":38},"end":{"line":24,"column":3}}},"4":{"name":"(anonymous_4)","decl":{"start":{"line":26,"column":33},"end":{"line":26,"column":36}},"loc":{"start":{"line":26,"column":38},"end":{"line":28,"column":3}}}},"branchMap":{"0":{"loc":{"start":{"line":12,"column":2},"end":{"line":14,"column":3}},"type":"if","locations":[{"start":{"line":12,"column":2},"end":{"line":14,"column":3}}]},"1":{"loc":{"start":{"line":36,"column":26},"end":{"line":36,"column":70}},"type":"cond-expr","locations":[{"start":{"line":36,"column":54},"end":{"line":36,"column":60}},{"start":{"line":36,"column":63},"end":{"line":36,"column":70}}]},"2":{"loc":{"start":{"line":36,"column":26},"end":{"line":36,"column":51}},"type":"binary-expr","locations":[{"start":{"line":36,"column":26},"end":{"line":36,"column":30}},{"start":{"line":36,"column":34},"end":{"line":36,"column":51}}]},"3":{"loc":{"start":{"line":44,"column":26},"end":{"line":44,"column":70}},"type":"cond-expr","locations":[{"start":{"line":44,"column":54},"end":{"line":44,"column":61}},{"start":{"line":44,"column":64},"end":{"line":44,"column":70}}]},"4":{"loc":{"start":{"line":44,"column":26},"end":{"line":44,"column":51}},"type":"binary-expr","locations":[{"start":{"line":44,"column":26},"end":{"line":44,"column":30}},{"start":{"line":44,"column":34},"end":{"line":44,"column":51}}]},"5":{"loc":{"start":{"line":48,"column":34},"end":{"line":48,"column":53}},"type":"binary-expr","locations":[{"start":{"line":48,"column":34},"end":{"line":48,"column":48}},{"start":{"line":48,"column":52},"end":{"line":48,"column":53}}]},"6":{"loc":{"start":{"line":48,"column":34},"end":{"line":48,"column":48}},"type":"cond-expr","locations":[{"start":{"line":48,"column":38},"end":{"line":48,"column":40}},{"start":{"line":48,"column":34},"end":{"line":48,"column":48}}]},"7":{"loc":{"start":{"line":48,"column":34},"end":{"line":48,"column":40}},"type":"binary-expr","locations":[{"start":{"line":48,"column":34},"end":{"line":48,"column":40}},{"start":{"line":48,"column":34},"end":{"line":48,"column":40}}]},"8":{"loc":{"start":{"line":52,"column":18},"end":{"line":52,"column":56}},"type":"binary-expr","locations":[{"start":{"line":52,"column":18},"end":{"line":52,"column":22}},{"start":{"line":52,"column":26},"end":{"line":52,"column":56}}]}},"s":{"0":0,"1":0,"2":0,"3":0,"4":0,"5":0,"6":0,"7":0,"8":0,"9":0,"10":0,"11":0,"12":0,"13":0,"14":0,"15":0,"16":0,"17":0},"f":{"0":0,"1":0,"2":0,"3":0,"4":0},"b":{"0":[0],"1":[0,0],"2":[0,0],"3":[0,0],"4":[0,0],"5":[0,0],"6":[0,0],"7":[0,0],"8":[0,0]}}
,"C:\\Users\\glori\\OneDrive\\Documents\\ntdata\\BOOTCAMPFRONTEND-REACT-NTT\\src\\components\\products\\ProductCard.tsx": {"path":"C:\\Users\\glori\\OneDrive\\Documents\\ntdata\\BOOTCAMPFRONTEND-REACT-NTT\\src\\components\\products\\ProductCard.tsx","statementMap":{"0":{"start":{"line":1,"column":0},"end":{"line":1,"column":35}},"1":{"start":{"line":2,"column":0},"end":{"line":2,"column":56}},"2":{"start":{"line":4,"column":0},"end":{"line":4,"column":75}},"3":{"start":{"line":10,"column":20},"end":{"line":45,"column":1}},"4":{"start":{"line":11,"column":22},"end":{"line":11,"column":45}},"5":{"start":{"line":12,"column":2},"end":{"line":14,"column":3}},"6":{"start":{"line":13,"column":4},"end":{"line":13,"column":16}},"7":{"start":{"line":15,"column":30},"end":{"line":15,"column":41}},"8":{"start":{"line":16,"column":17},"end":{"line":16,"column":76}},"9":{"start":{"line":16,"column":53},"end":{"line":16,"column":75}},"10":{"start":{"line":18,"column":26},"end":{"line":20,"column":3}},"11":{"start":{"line":19,"column":4},"end":{"line":19,"column":56}},"12":{"start":{"line":22,"column":2},"end":{"line":44,"column":4}},"13":{"start":{"line":47,"column":0},"end":{"line":47,"column":27}}},"fnMap":{"0":{"name":"(anonymous_1)","decl":{"start":{"line":10,"column":20},"end":{"line":10,"column":21}},"loc":{"start":{"line":10,"column":54},"end":{"line":45,"column":1}}},"1":{"name":"(anonymous_2)","decl":{"start":{"line":16,"column":34},"end":{"line":16,"column":35}},"loc":{"start":{"line":16,"column":53},"end":{"line":16,"column":75}}},"2":{"name":"(anonymous_3)","decl":{"start":{"line":18,"column":26},"end":{"line":18,"column":29}},"loc":{"start":{"line":18,"column":31},"end":{"line":20,"column":3}}}},"branchMap":{"0":{"loc":{"start":{"line":12,"column":2},"end":{"line":14,"column":3}},"type":"if","locations":[{"start":{"line":12,"column":2},"end":{"line":14,"column":3}}]},"1":{"loc":{"start":{"line":36,"column":7},"end":{"line":41,"column":null}},"type":"cond-expr","locations":[{"start":{"line":37,"column":8},"end":{"line":37,"column":46}},{"start":{"line":39,"column":8},"end":{"line":39,"column":null}}]}},"s":{"0":0,"1":0,"2":0,"3":0,"4":0,"5":0,"6":0,"7":0,"8":0,"9":0,"10":0,"11":0,"12":0,"13":0},"f":{"0":0,"1":0,"2":0},"b":{"0":[0],"1":[0,0]}}
,"C:\\Users\\glori\\OneDrive\\Documents\\ntdata\\BOOTCAMPFRONTEND-REACT-NTT\\src\\components\\products\\ProductFilter.tsx": {"path":"C:\\Users\\glori\\OneDrive\\Documents\\ntdata\\BOOTCAMPFRONTEND-REACT-NTT\\src\\components\\products\\ProductFilter.tsx","statementMap":{"0":{"start":{"line":1,"column":0},"end":{"line":1,"column":53}},"1":{"start":{"line":3,"column":0},"end":{"line":3,"column":64}},"2":{"start":{"line":4,"column":0},"end":{"line":4,"column":45}},"3":{"start":{"line":10,"column":22},"end":{"line":65,"column":1}},"4":{"start":{"line":11,"column":38},"end":{"line":11,"column":62}},"5":{"start":{"line":12,"column":50},"end":{"line":12,"column":70}},"6":{"start":{"line":14,"column":25},"end":{"line":14,"column":64}},"7":{"start":{"line":14,"column":39},"end":{"line":14,"column":59}},"8":{"start":{"line":16,"column":2},"end":{"line":23,"column":23}},"9":{"start":{"line":17,"column":28},"end":{"line":20,"column":6}},"10":{"start":{"line":17,"column":39},"end":{"line":20,"column":6}},"11":{"start":{"line":18,"column":32},"end":{"line":18,"column":70}},"12":{"start":{"line":19,"column":6},"end":{"line":19,"column":39}},"13":{"start":{"line":22,"column":4},"end":{"line":22,"column":22}},"14":{"start":{"line":25,"column":31},"end":{"line":28,"column":3}},"15":{"start":{"line":26,"column":4},"end":{"line":26,"column":34}},"16":{"start":{"line":27,"column":4},"end":{"line":27,"column":31}},"17":{"start":{"line":30,"column":2},"end":{"line":64,"column":4}},"18":{"start":{"line":43,"column":29},"end":{"line":43,"column":67}},"19":{"start":{"line":50,"column":12},"end":{"line":50,"column":null}},"20":{"start":{"line":54,"column":31},"end":{"line":54,"column":66}},"21":{"start":{"line":67,"column":0},"end":{"line":67,"column":29}}},"fnMap":{"0":{"name":"(anonymous_7)","decl":{"start":{"line":10,"column":22},"end":{"line":10,"column":23}},"loc":{"start":{"line":10,"column":67},"end":{"line":65,"column":1}}},"1":{"name":"(anonymous_8)","decl":{"start":{"line":14,"column":33},"end":{"line":14,"column":36}},"loc":{"start":{"line":14,"column":39},"end":{"line":14,"column":59}}},"2":{"name":"(anonymous_9)","decl":{"start":{"line":16,"column":12},"end":{"line":16,"column":15}},"loc":{"start":{"line":16,"column":17},"end":{"line":23,"column":3}}},"3":{"name":"(anonymous_10)","decl":{"start":{"line":17,"column":28},"end":{"line":17,"column":37}},"loc":{"start":{"line":17,"column":39},"end":{"line":20,"column":6}}},"4":{"name":"(anonymous_11)","decl":{"start":{"line":17,"column":39},"end":{"line":17,"column":null}},"loc":{"start":{"line":17,"column":39},"end":{"line":20,"column":5}}},"5":{"name":"(anonymous_12)","decl":{"start":{"line":25,"column":31},"end":{"line":25,"column":32}},"loc":{"start":{"line":25,"column":52},"end":{"line":28,"column":3}}},"6":{"name":"(anonymous_13)","decl":{"start":{"line":43,"column":23},"end":{"line":43,"column":26}},"loc":{"start":{"line":43,"column":29},"end":{"line":43,"column":67}}},"7":{"name":"(anonymous_14)","decl":{"start":{"line":49,"column":26},"end":{"line":49,"column":27}},"loc":{"start":{"line":50,"column":12},"end":{"line":50,"column":null}}},"8":{"name":"(anonymous_15)","decl":{"start":{"line":54,"column":25},"end":{"line":54,"column":28}},"loc":{"start":{"line":54,"column":31},"end":{"line":54,"column":66}}}},"branchMap":{"0":{"loc":{"start":{"line":41,"column":41},"end":{"line":41,"column":null}},"type":"cond-expr","locations":[{"start":{"line":41,"column":67},"end":{"line":41,"column":77}},{"start":{"line":41,"column":80},"end":{"line":41,"column":null}}]},"1":{"loc":{"start":{"line":52,"column":43},"end":{"line":52,"column":null}},"type":"cond-expr","locations":[{"start":{"line":52,"column":80},"end":{"line":52,"column":90}},{"start":{"line":52,"column":93},"end":{"line":52,"column":null}}]}},"s":{"0":0,"1":0,"2":0,"3":0,"4":0,"5":0,"6":0,"7":0,"8":0,"9":0,"10":0,"11":0,"12":0,"13":0,"14":0,"15":0,"16":0,"17":0,"18":0,"19":0,"20":0,"21":0},"f":{"0":0,"1":0,"2":0,"3":0,"4":0,"5":0,"6":0,"7":0,"8":0},"b":{"0":[0,0],"1":[0,0]}}
,"C:\\Users\\glori\\OneDrive\\Documents\\ntdata\\BOOTCAMPFRONTEND-REACT-NTT\\src\\components\\shoppingcart\\CartEmpty\\CartEmpty.tsx": {"path":"C:\\Users\\glori\\OneDrive\\Documents\\ntdata\\BOOTCAMPFRONTEND-REACT-NTT\\src\\components\\shoppingcart\\CartEmpty\\CartEmpty.tsx","statementMap":{"0":{"start":{"line":1,"column":0},"end":{"line":1,"column":47}},"1":{"start":{"line":2,"column":0},"end":{"line":2,"column":48}},"2":{"start":{"line":3,"column":0},"end":{"line":3,"column":25}},"3":{"start":{"line":5,"column":18},"end":{"line":17,"column":1}},"4":{"start":{"line":6,"column":19},"end":{"line":6,"column":32}},"5":{"start":{"line":7,"column":2},"end":{"line":16,"column":4}},"6":{"start":{"line":13,"column":31},"end":{"line":13,"column":57}},"7":{"start":{"line":19,"column":0},"end":{"line":19,"column":25}}},"fnMap":{"0":{"name":"(anonymous_0)","decl":{"start":{"line":5,"column":18},"end":{"line":5,"column":21}},"loc":{"start":{"line":5,"column":23},"end":{"line":17,"column":1}}},"1":{"name":"(anonymous_1)","decl":{"start":{"line":13,"column":25},"end":{"line":13,"column":28}},"loc":{"start":{"line":13,"column":31},"end":{"line":13,"column":57}}}},"branchMap":{},"s":{"0":0,"1":0,"2":0,"3":0,"4":0,"5":0,"6":0,"7":0},"f":{"0":0,"1":0},"b":{}}
,"C:\\Users\\glori\\OneDrive\\Documents\\ntdata\\BOOTCAMPFRONTEND-REACT-NTT\\src\\components\\shoppingcart\\CartItemList\\CartItemList.tsx": {"path":"C:\\Users\\glori\\OneDrive\\Documents\\ntdata\\BOOTCAMPFRONTEND-REACT-NTT\\src\\components\\shoppingcart\\CartItemList\\CartItemList.tsx","statementMap":{"0":{"start":{"line":3,"column":0},"end":{"line":3,"column":53}},"1":{"start":{"line":4,"column":0},"end":{"line":4,"column":27}},"2":{"start":{"line":10,"column":50},"end":{"line":30,"column":1}},"3":{"start":{"line":11,"column":2},"end":{"line":29,"column":4}},"4":{"start":{"line":24,"column":12},"end":{"line":24,"column":39}},"5":{"start":{"line":32,"column":0},"end":{"line":32,"column":28}}},"fnMap":{"0":{"name":"(anonymous_1)","decl":{"start":{"line":10,"column":50},"end":{"line":10,"column":51}},"loc":{"start":{"line":10,"column":64},"end":{"line":30,"column":1}}},"1":{"name":"(anonymous_2)","decl":{"start":{"line":23,"column":21},"end":{"line":23,"column":22}},"loc":{"start":{"line":24,"column":12},"end":{"line":24,"column":39}}}},"branchMap":{},"s":{"0":0,"1":0,"2":0,"3":0,"4":0,"5":0},"f":{"0":0,"1":0},"b":{}}
,"C:\\Users\\glori\\OneDrive\\Documents\\ntdata\\BOOTCAMPFRONTEND-REACT-NTT\\src\\components\\shoppingcart\\CartItemRow\\CartItemRow.tsx": {"path":"C:\\Users\\glori\\OneDrive\\Documents\\ntdata\\BOOTCAMPFRONTEND-REACT-NTT\\src\\components\\shoppingcart\\CartItemRow\\CartItemRow.tsx","statementMap":{"0":{"start":{"line":1,"column":0},"end":{"line":1,"column":49}},"1":{"start":{"line":3,"column":0},"end":{"line":3,"column":78}},"2":{"start":{"line":4,"column":0},"end":{"line":4,"column":27}},"3":{"start":{"line":10,"column":48},"end":{"line":41,"column":1}},"4":{"start":{"line":11,"column":23},"end":{"line":11,"column":32}},"5":{"start":{"line":13,"column":31},"end":{"line":15,"column":3}},"6":{"start":{"line":14,"column":4},"end":{"line":14,"column":58}},"7":{"start":{"line":17,"column":2},"end":{"line":40,"column":4}},"8":{"start":{"line":43,"column":0},"end":{"line":43,"column":27}}},"fnMap":{"0":{"name":"(anonymous_1)","decl":{"start":{"line":10,"column":48},"end":{"line":10,"column":49}},"loc":{"start":{"line":10,"column":61},"end":{"line":41,"column":1}}},"1":{"name":"(anonymous_2)","decl":{"start":{"line":13,"column":31},"end":{"line":13,"column":34}},"loc":{"start":{"line":13,"column":36},"end":{"line":15,"column":3}}}},"branchMap":{},"s":{"0":0,"1":0,"2":0,"3":0,"4":0,"5":0,"6":0,"7":0,"8":0},"f":{"0":0,"1":0},"b":{}}
,"C:\\Users\\glori\\OneDrive\\Documents\\ntdata\\BOOTCAMPFRONTEND-REACT-NTT\\src\\components\\shoppingcart\\CartSummary\\CartSummary.tsx": {"path":"C:\\Users\\glori\\OneDrive\\Documents\\ntdata\\BOOTCAMPFRONTEND-REACT-NTT\\src\\components\\shoppingcart\\CartSummary\\CartSummary.tsx","statementMap":{"0":{"start":{"line":2,"column":0},"end":{"line":2,"column":27}},"1":{"start":{"line":10,"column":48},"end":{"line":33,"column":1}},"2":{"start":{"line":11,"column":2},"end":{"line":32,"column":4}},"3":{"start":{"line":35,"column":0},"end":{"line":35,"column":27}}},"fnMap":{"0":{"name":"(anonymous_0)","decl":{"start":{"line":10,"column":48},"end":{"line":10,"column":49}},"loc":{"start":{"line":10,"column":88},"end":{"line":33,"column":1}}}},"branchMap":{},"s":{"0":0,"1":0,"2":0,"3":0},"f":{"0":0},"b":{}}
,"C:\\Users\\glori\\OneDrive\\Documents\\ntdata\\BOOTCAMPFRONTEND-REACT-NTT\\src\\components\\shoppingcart\\ShippingForm\\ShippingForm.tsx": {"path":"C:\\Users\\glori\\OneDrive\\Documents\\ntdata\\BOOTCAMPFRONTEND-REACT-NTT\\src\\components\\shoppingcart\\ShippingForm\\ShippingForm.tsx","statementMap":{"0":{"start":{"line":1,"column":0},"end":{"line":1,"column":52}},"1":{"start":{"line":2,"column":0},"end":{"line":2,"column":47}},"2":{"start":{"line":3,"column":0},"end":{"line":3,"column":59}},"3":{"start":{"line":4,"column":0},"end":{"line":4,"column":48}},"4":{"start":{"line":5,"column":0},"end":{"line":5,"column":55}},"5":{"start":{"line":8,"column":0},"end":{"line":8,"column":57}},"6":{"start":{"line":9,"column":0},"end":{"line":9,"column":28}},"7":{"start":{"line":11,"column":31},"end":{"line":184,"column":1}},"8":{"start":{"line":12,"column":22},"end":{"line":12,"column":45}},"9":{"start":{"line":13,"column":2},"end":{"line":15,"column":3}},"10":{"start":{"line":14,"column":4},"end":{"line":14,"column":70}},"11":{"start":{"line":16,"column":23},"end":{"line":16,"column":34}},"12":{"start":{"line":17,"column":19},"end":{"line":17,"column":32}},"13":{"start":{"line":19,"column":20},"end":{"line":19,"column":34}},"14":{"start":{"line":20,"column":34},"end":{"line":27,"column":4}},"15":{"start":{"line":28,"column":30},"end":{"line":35,"column":4}},"16":{"start":{"line":37,"column":19},"end":{"line":44,"column":3}},"17":{"start":{"line":38,"column":22},"end":{"line":38,"column":44}},"18":{"start":{"line":40,"column":4},"end":{"line":40,"column":25}},"19":{"start":{"line":43,"column":4},"end":{"line":43,"column":92}},"20":{"start":{"line":43,"column":51},"end":{"line":43,"column":90}},"21":{"start":{"line":47,"column":23},"end":{"line":54,"column":3}},"22":{"start":{"line":50,"column":4},"end":{"line":53,"column":7}},"23":{"start":{"line":56,"column":23},"end":{"line":80,"column":3}},"24":{"start":{"line":57,"column":4},"end":{"line":57,"column":23}},"25":{"start":{"line":60,"column":4},"end":{"line":79,"column":5}},"26":{"start":{"line":61,"column":6},"end":{"line":61,"column":47}},"27":{"start":{"line":64,"column":6},"end":{"line":71,"column":9}},"28":{"start":{"line":73,"column":6},"end":{"line":76,"column":9}},"29":{"start":{"line":78,"column":6},"end":{"line":78,"column":33}},"30":{"start":{"line":82,"column":2},"end":{"line":183,"column":4}},"31":{"start":{"line":126,"column":12},"end":{"line":126,"column":35}},"32":{"start":{"line":186,"column":0},"end":{"line":186,"column":28}}},"fnMap":{"0":{"name":"(anonymous_1)","decl":{"start":{"line":11,"column":31},"end":{"line":11,"column":34}},"loc":{"start":{"line":11,"column":36},"end":{"line":184,"column":1}}},"1":{"name":"(anonymous_2)","decl":{"start":{"line":37,"column":19},"end":{"line":37,"column":22}},"loc":{"start":{"line":37,"column":24},"end":{"line":44,"column":3}}},"2":{"name":"(anonymous_3)","decl":{"start":{"line":43,"column":40},"end":{"line":43,"column":41}},"loc":{"start":{"line":43,"column":51},"end":{"line":43,"column":90}}},"3":{"name":"(anonymous_4)","decl":{"start":{"line":47,"column":23},"end":{"line":47,"column":null}},"loc":{"start":{"line":49,"column":6},"end":{"line":54,"column":3}}},"4":{"name":"(anonymous_5)","decl":{"start":{"line":56,"column":23},"end":{"line":56,"column":24}},"loc":{"start":{"line":56,"column":46},"end":{"line":80,"column":3}}},"5":{"name":"(anonymous_6)","decl":{"start":{"line":125,"column":25},"end":{"line":125,"column":26}},"loc":{"start":{"line":126,"column":12},"end":{"line":126,"column":35}}}},"branchMap":{"0":{"loc":{"start":{"line":13,"column":2},"end":{"line":15,"column":3}},"type":"if","locations":[{"start":{"line":13,"column":2},"end":{"line":15,"column":3}}]},"1":{"loc":{"start":{"line":60,"column":4},"end":{"line":79,"column":5}},"type":"if","locations":[{"start":{"line":60,"column":4},"end":{"line":79,"column":5}}]},"2":{"loc":{"start":{"line":96,"column":11},"end":{"line":96,"column":74}},"type":"binary-expr","locations":[{"start":{"line":96,"column":11},"end":{"line":96,"column":24}},{"start":{"line":96,"column":28},"end":{"line":96,"column":74}}]},"3":{"loc":{"start":{"line":110,"column":11},"end":{"line":111,"column":null}},"type":"binary-expr","locations":[{"start":{"line":110,"column":11},"end":{"line":110,"column":27}},{"start":{"line":111,"column":12},"end":{"line":111,"column":61}}]},"4":{"loc":{"start":{"line":131,"column":9},"end":{"line":131,"column":76}},"type":"binary-expr","locations":[{"start":{"line":131,"column":9},"end":{"line":131,"column":24}},{"start":{"line":131,"column":28},"end":{"line":131,"column":76}}]},"5":{"loc":{"start":{"line":145,"column":9},"end":{"line":146,"column":null}},"type":"binary-expr","locations":[{"start":{"line":145,"column":9},"end":{"line":145,"column":25}},{"start":{"line":146,"column":10},"end":{"line":146,"column":59}}]},"6":{"loc":{"start":{"line":162,"column":9},"end":{"line":163,"column":null}},"type":"binary-expr","locations":[{"start":{"line":162,"column":9},"end":{"line":162,"column":26}},{"start":{"line":163,"column":10},"end":{"line":163,"column":60}}]},"7":{"loc":{"start":{"line":178,"column":11},"end":{"line":178,"column":76}},"type":"binary-expr","locations":[{"start":{"line":178,"column":11},"end":{"line":178,"column":25}},{"start":{"line":178,"column":29},"end":{"line":178,"column":76}}]}},"s":{"0":0,"1":0,"2":0,"3":0,"4":0,"5":0,"6":0,"7":0,"8":0,"9":0,"10":0,"11":0,"12":0,"13":0,"14":0,"15":0,"16":0,"17":0,"18":0,"19":0,"20":0,"21":0,"22":0,"23":0,"24":0,"25":0,"26":0,"27":0,"28":0,"29":0,"30":0,"31":0,"32":0},"f":{"0":0,"1":0,"2":0,"3":0,"4":0,"5":0},"b":{"0":[0],"1":[0],"2":[0,0],"3":[0,0],"4":[0,0],"5":[0,0],"6":[0,0],"7":[0,0]}}
,"C:\\Users\\glori\\OneDrive\\Documents\\ntdata\\BOOTCAMPFRONTEND-REACT-NTT\\src\\context\\CartContext.tsx": {"path":"C:\\Users\\glori\\OneDrive\\Documents\\ntdata\\BOOTCAMPFRONTEND-REACT-NTT\\src\\context\\CartContext.tsx","statementMap":{"0":{"start":{"line":1,"column":0},"end":{"line":1,"column":71}},"1":{"start":{"line":19,"column":32},"end":{"line":21,"column":2}},"2":{"start":{"line":23,"column":20},"end":{"line":75,"column":1}},"3":{"start":{"line":24,"column":2},"end":{"line":74,"column":3}},"4":{"start":{"line":26,"column":27},"end":{"line":27,"column":null}},"5":{"start":{"line":27,"column":18},"end":{"line":27,"column":null}},"6":{"start":{"line":29,"column":6},"end":{"line":43,"column":7}},"7":{"start":{"line":30,"column":8},"end":{"line":36,"column":null}},"8":{"start":{"line":33,"column":12},"end":{"line":35,"column":null}},"9":{"start":{"line":39,"column":8},"end":{"line":41,"column":null}},"10":{"start":{"line":45,"column":6},"end":{"line":47,"column":null}},"11":{"start":{"line":47,"column":44},"end":{"line":47,"column":75}},"12":{"start":{"line":50,"column":6},"end":{"line":56,"column":null}},"13":{"start":{"line":53,"column":10},"end":{"line":55,"column":null}},"14":{"start":{"line":59,"column":6},"end":{"line":65,"column":null}},"15":{"start":{"line":62,"column":10},"end":{"line":64,"column":null}},"16":{"start":{"line":68,"column":6},"end":{"line":70,"column":null}},"17":{"start":{"line":73,"column":6},"end":{"line":73,"column":19}},"18":{"start":{"line":82,"column":13},"end":{"line":84,"column":2}},"19":{"start":{"line":86,"column":28},"end":{"line":94,"column":1}},"20":{"start":{"line":87,"column":28},"end":{"line":87,"column":65}},"21":{"start":{"line":89,"column":2},"end":{"line":93,"column":4}},"22":{"start":{"line":86,"column":13},"end":{"line":86,"column":28}}},"fnMap":{"0":{"name":"(anonymous_0)","decl":{"start":{"line":23,"column":20},"end":{"line":23,"column":21}},"loc":{"start":{"line":23,"column":72},"end":{"line":75,"column":1}}},"1":{"name":"(anonymous_1)","decl":{"start":{"line":27,"column":8},"end":{"line":27,"column":9}},"loc":{"start":{"line":27,"column":17},"end":{"line":27,"column":null}}},"2":{"name":"(anonymous_2)","decl":{"start":{"line":32,"column":33},"end":{"line":32,"column":34}},"loc":{"start":{"line":32,"column":42},"end":{"line":35,"column":null}}},"3":{"name":"(anonymous_3)","decl":{"start":{"line":47,"column":34},"end":{"line":47,"column":35}},"loc":{"start":{"line":47,"column":43},"end":{"line":47,"column":75}}},"4":{"name":"(anonymous_4)","decl":{"start":{"line":52,"column":31},"end":{"line":52,"column":32}},"loc":{"start":{"line":52,"column":40},"end":{"line":55,"column":null}}},"5":{"name":"(anonymous_5)","decl":{"start":{"line":61,"column":31},"end":{"line":61,"column":32}},"loc":{"start":{"line":61,"column":40},"end":{"line":64,"column":null}}},"6":{"name":"(anonymous_6)","decl":{"start":{"line":86,"column":28},"end":{"line":86,"column":29}},"loc":{"start":{"line":86,"column":70},"end":{"line":94,"column":1}}}},"branchMap":{"0":{"loc":{"start":{"line":24,"column":2},"end":{"line":74,"column":3}},"type":"switch","locations":[{"start":{"line":25,"column":4},"end":{"line":43,"column":7}},{"start":{"line":44,"column":4},"end":{"line":47,"column":null}},{"start":{"line":49,"column":4},"end":{"line":56,"column":null}},{"start":{"line":58,"column":4},"end":{"line":65,"column":null}},{"start":{"line":67,"column":4},"end":{"line":70,"column":null}},{"start":{"line":72,"column":4},"end":{"line":73,"column":19}}]},"1":{"loc":{"start":{"line":27,"column":30},"end":{"line":27,"column":48}},"type":"cond-expr","locations":[{"start":{"line":27,"column":44},"end":{"line":27,"column":46}},{"start":{"line":27,"column":44},"end":{"line":27,"column":48}}]},"2":{"loc":{"start":{"line":27,"column":30},"end":{"line":27,"column":46}},"type":"binary-expr","locations":[{"start":{"line":27,"column":30},"end":{"line":27,"column":46}},{"start":{"line":27,"column":44},"end":{"line":27,"column":46}}]},"3":{"loc":{"start":{"line":29,"column":6},"end":{"line":43,"column":7}},"type":"if","locations":[{"start":{"line":29,"column":6},"end":{"line":43,"column":7}},{"start":{"line":38,"column":13},"end":{"line":43,"column":7}}]},"4":{"loc":{"start":{"line":33,"column":12},"end":{"line":35,"column":20}},"type":"cond-expr","locations":[{"start":{"line":34,"column":15},"end":{"line":34,"column":null}},{"start":{"line":35,"column":16},"end":{"line":35,"column":20}}]},"5":{"loc":{"start":{"line":33,"column":24},"end":{"line":33,"column":42}},"type":"cond-expr","locations":[{"start":{"line":33,"column":38},"end":{"line":33,"column":40}},{"start":{"line":33,"column":38},"end":{"line":33,"column":42}}]},"6":{"loc":{"start":{"line":33,"column":24},"end":{"line":33,"column":40}},"type":"binary-expr","locations":[{"start":{"line":33,"column":24},"end":{"line":33,"column":40}},{"start":{"line":33,"column":38},"end":{"line":33,"column":40}}]},"7":{"loc":{"start":{"line":47,"column":56},"end":{"line":47,"column":74}},"type":"cond-expr","locations":[{"start":{"line":47,"column":70},"end":{"line":47,"column":72}},{"start":{"line":47,"column":70},"end":{"line":47,"column":74}}]},"8":{"loc":{"start":{"line":47,"column":56},"end":{"line":47,"column":72}},"type":"binary-expr","locations":[{"start":{"line":47,"column":56},"end":{"line":47,"column":72}},{"start":{"line":47,"column":70},"end":{"line":47,"column":72}}]},"9":{"loc":{"start":{"line":53,"column":10},"end":{"line":55,"column":18}},"type":"cond-expr","locations":[{"start":{"line":54,"column":13},"end":{"line":54,"column":null}},{"start":{"line":55,"column":14},"end":{"line":55,"column":18}}]},"10":{"loc":{"start":{"line":53,"column":22},"end":{"line":53,"column":40}},"type":"cond-expr","locations":[{"start":{"line":53,"column":36},"end":{"line":53,"column":38}},{"start":{"line":53,"column":36},"end":{"line":53,"column":40}}]},"11":{"loc":{"start":{"line":53,"column":22},"end":{"line":53,"column":38}},"type":"binary-expr","locations":[{"start":{"line":53,"column":22},"end":{"line":53,"column":38}},{"start":{"line":53,"column":36},"end":{"line":53,"column":38}}]},"12":{"loc":{"start":{"line":62,"column":10},"end":{"line":64,"column":18}},"type":"cond-expr","locations":[{"start":{"line":63,"column":13},"end":{"line":63,"column":null}},{"start":{"line":64,"column":14},"end":{"line":64,"column":18}}]},"13":{"loc":{"start":{"line":62,"column":10},"end":{"line":62,"column":61}},"type":"binary-expr","locations":[{"start":{"line":62,"column":10},"end":{"line":62,"column":44}},{"start":{"line":62,"column":44},"end":{"line":62,"column":61}}]},"14":{"loc":{"start":{"line":62,"column":22},"end":{"line":62,"column":40}},"type":"cond-expr","locations":[{"start":{"line":62,"column":36},"end":{"line":62,"column":38}},{"start":{"line":62,"column":36},"end":{"line":62,"column":40}}]},"15":{"loc":{"start":{"line":62,"column":22},"end":{"line":62,"column":38}},"type":"binary-expr","locations":[{"start":{"line":62,"column":22},"end":{"line":62,"column":38}},{"start":{"line":62,"column":36},"end":{"line":62,"column":38}}]}},"s":{"0":0,"1":0,"2":0,"3":0,"4":0,"5":0,"6":0,"7":0,"8":0,"9":0,"10":0,"11":0,"12":0,"13":0,"14":0,"15":0,"16":0,"17":0,"18":0,"19":0,"20":0,"21":0,"22":0},"f":{"0":0,"1":0,"2":0,"3":0,"4":0,"5":0,"6":0},"b":{"0":[0,0,0,0,0,0],"1":[0,0],"2":[0,0],"3":[0,0],"4":[0,0],"5":[0,0],"6":[0,0],"7":[0,0],"8":[0,0],"9":[0,0],"10":[0,0],"11":[0,0],"12":[0,0],"13":[0,0],"14":[0,0],"15":[0,0]}}
,"C:\\Users\\glori\\OneDrive\\Documents\\ntdata\\BOOTCAMPFRONTEND-REACT-NTT\\src\\hooks\\useCart.ts": {"path":"C:\\Users\\glori\\OneDrive\\Documents\\ntdata\\BOOTCAMPFRONTEND-REACT-NTT\\src\\hooks\\useCart.ts","statementMap":{"0":{"start":{"line":1,"column":0},"end":{"line":1,"column":35}},"1":{"start":{"line":2,"column":0},"end":{"line":2,"column":53}},"2":{"start":{"line":3,"column":0},"end":{"line":3,"column":52}},"3":{"start":{"line":5,"column":23},"end":{"line":19,"column":1}},"4":{"start":{"line":6,"column":18},"end":{"line":6,"column":41}},"5":{"start":{"line":8,"column":2},"end":{"line":10,"column":3}},"6":{"start":{"line":9,"column":4},"end":{"line":9,"column":66}},"7":{"start":{"line":12,"column":30},"end":{"line":12,"column":37}},"8":{"start":{"line":14,"column":2},"end":{"line":18,"column":4}},"9":{"start":{"line":5,"column":13},"end":{"line":5,"column":23}}},"fnMap":{"0":{"name":"(anonymous_0)","decl":{"start":{"line":5,"column":23},"end":{"line":5,"column":26}},"loc":{"start":{"line":5,"column":28},"end":{"line":19,"column":1}}}},"branchMap":{"0":{"loc":{"start":{"line":8,"column":2},"end":{"line":10,"column":3}},"type":"if","locations":[{"start":{"line":8,"column":2},"end":{"line":10,"column":3}}]}},"s":{"0":0,"1":0,"2":0,"3":0,"4":0,"5":0,"6":0,"7":0,"8":0,"9":0},"f":{"0":0},"b":{"0":[0]}}
,"C:\\Users\\glori\\OneDrive\\Documents\\ntdata\\BOOTCAMPFRONTEND-REACT-NTT\\src\\hooks\\useDistricts.ts": {"path":"C:\\Users\\glori\\OneDrive\\Documents\\ntdata\\BOOTCAMPFRONTEND-REACT-NTT\\src\\hooks\\useDistricts.ts","statementMap":{"0":{"start":{"line":1,"column":0},"end":{"line":1,"column":44}},"1":{"start":{"line":3,"column":21},"end":{"line":17,"column":1}},"2":{"start":{"line":4,"column":36},"end":{"line":4,"column":58}},"3":{"start":{"line":6,"column":2},"end":{"line":14,"column":9}},"4":{"start":{"line":7,"column":27},"end":{"line":11,"column":6}},"5":{"start":{"line":7,"column":38},"end":{"line":11,"column":6}},"6":{"start":{"line":8,"column":23},"end":{"line":8,"column":62}},"7":{"start":{"line":9,"column":19},"end":{"line":9,"column":40}},"8":{"start":{"line":10,"column":6},"end":{"line":10,"column":25}},"9":{"start":{"line":13,"column":4},"end":{"line":13,"column":21}},"10":{"start":{"line":16,"column":2},"end":{"line":16,"column":19}},"11":{"start":{"line":19,"column":0},"end":{"line":19,"column":28}}},"fnMap":{"0":{"name":"(anonymous_7)","decl":{"start":{"line":3,"column":21},"end":{"line":3,"column":24}},"loc":{"start":{"line":3,"column":26},"end":{"line":17,"column":1}}},"1":{"name":"(anonymous_8)","decl":{"start":{"line":6,"column":12},"end":{"line":6,"column":15}},"loc":{"start":{"line":6,"column":17},"end":{"line":14,"column":3}}},"2":{"name":"(anonymous_9)","decl":{"start":{"line":7,"column":27},"end":{"line":7,"column":36}},"loc":{"start":{"line":7,"column":38},"end":{"line":11,"column":6}}},"3":{"name":"(anonymous_10)","decl":{"start":{"line":7,"column":38},"end":{"line":7,"column":null}},"loc":{"start":{"line":7,"column":38},"end":{"line":11,"column":5}}}},"branchMap":{},"s":{"0":0,"1":0,"2":0,"3":0,"4":0,"5":0,"6":0,"7":0,"8":0,"9":0,"10":0,"11":0},"f":{"0":0,"1":0,"2":0,"3":0},"b":{}}
,"C:\\Users\\glori\\OneDrive\\Documents\\ntdata\\BOOTCAMPFRONTEND-REACT-NTT\\src\\hooks\\useForgotPassword.ts": {"path":"C:\\Users\\glori\\OneDrive\\Documents\\ntdata\\BOOTCAMPFRONTEND-REACT-NTT\\src\\hooks\\useForgotPassword.ts","statementMap":{"0":{"start":{"line":1,"column":0},"end":{"line":1,"column":33}},"1":{"start":{"line":3,"column":33},"end":{"line":32,"column":1}},"2":{"start":{"line":4,"column":40},"end":{"line":4,"column":55}},"3":{"start":{"line":5,"column":54},"end":{"line":5,"column":69}},"4":{"start":{"line":6,"column":28},"end":{"line":6,"column":40}},"5":{"start":{"line":8,"column":20},"end":{"line":8,"column":46}},"6":{"start":{"line":8,"column":26},"end":{"line":8,"column":46}},"7":{"start":{"line":9,"column":21},"end":{"line":12,"column":3}},"8":{"start":{"line":10,"column":4},"end":{"line":10,"column":26}},"9":{"start":{"line":11,"column":4},"end":{"line":11,"column":33}},"10":{"start":{"line":14,"column":28},"end":{"line":16,"column":3}},"11":{"start":{"line":15,"column":4},"end":{"line":15,"column":23}},"12":{"start":{"line":18,"column":23},"end":{"line":21,"column":3}},"13":{"start":{"line":19,"column":4},"end":{"line":19,"column":20}},"14":{"start":{"line":20,"column":4},"end":{"line":20,"column":32}},"15":{"start":{"line":23,"column":2},"end":{"line":31,"column":4}},"16":{"start":{"line":3,"column":13},"end":{"line":3,"column":33}}},"fnMap":{"0":{"name":"(anonymous_0)","decl":{"start":{"line":3,"column":33},"end":{"line":3,"column":36}},"loc":{"start":{"line":3,"column":38},"end":{"line":32,"column":1}}},"1":{"name":"(anonymous_1)","decl":{"start":{"line":8,"column":20},"end":{"line":8,"column":23}},"loc":{"start":{"line":8,"column":26},"end":{"line":8,"column":46}}},"2":{"name":"(anonymous_2)","decl":{"start":{"line":9,"column":21},"end":{"line":9,"column":24}},"loc":{"start":{"line":9,"column":26},"end":{"line":12,"column":3}}},"3":{"name":"(anonymous_3)","decl":{"start":{"line":14,"column":28},"end":{"line":14,"column":29}},"loc":{"start":{"line":14,"column":49},"end":{"line":16,"column":3}}},"4":{"name":"(anonymous_4)","decl":{"start":{"line":18,"column":23},"end":{"line":18,"column":24}},"loc":{"start":{"line":18,"column":61},"end":{"line":21,"column":3}}}},"branchMap":{},"s":{"0":0,"1":0,"2":0,"3":0,"4":0,"5":0,"6":0,"7":0,"8":0,"9":0,"10":0,"11":0,"12":0,"13":0,"14":0,"15":0,"16":0},"f":{"0":0,"1":0,"2":0,"3":0,"4":0},"b":{}}
,"C:\\Users\\glori\\OneDrive\\Documents\\ntdata\\BOOTCAMPFRONTEND-REACT-NTT\\src\\pages\\CartPage.tsx": {"path":"C:\\Users\\glori\\OneDrive\\Documents\\ntdata\\BOOTCAMPFRONTEND-REACT-NTT\\src\\pages\\CartPage.tsx","statementMap":{"0":{"start":{"line":2,"column":0},"end":{"line":2,"column":80}},"1":{"start":{"line":3,"column":0},"end":{"line":3,"column":77}},"2":{"start":{"line":4,"column":0},"end":{"line":4,"column":80}},"3":{"start":{"line":5,"column":0},"end":{"line":5,"column":49}},"4":{"start":{"line":6,"column":0},"end":{"line":6,"column":71}},"5":{"start":{"line":7,"column":0},"end":{"line":7,"column":43}},"6":{"start":{"line":9,"column":27},"end":{"line":30,"column":1}},"7":{"start":{"line":10,"column":32},"end":{"line":10,"column":41}},"8":{"start":{"line":12,"column":2},"end":{"line":14,"column":3}},"9":{"start":{"line":13,"column":4},"end":{"line":13,"column":25}},"10":{"start":{"line":16,"column":2},"end":{"line":29,"column":4}},"11":{"start":{"line":32,"column":0},"end":{"line":32,"column":24}}},"fnMap":{"0":{"name":"(anonymous_1)","decl":{"start":{"line":9,"column":27},"end":{"line":9,"column":30}},"loc":{"start":{"line":9,"column":32},"end":{"line":30,"column":1}}}},"branchMap":{"0":{"loc":{"start":{"line":12,"column":2},"end":{"line":14,"column":3}},"type":"if","locations":[{"start":{"line":12,"column":2},"end":{"line":14,"column":3}}]}},"s":{"0":0,"1":0,"2":0,"3":0,"4":0,"5":0,"6":0,"7":0,"8":0,"9":0,"10":0,"11":0},"f":{"0":0},"b":{"0":[0]}}
,"C:\\Users\\glori\\OneDrive\\Documents\\ntdata\\BOOTCAMPFRONTEND-REACT-NTT\\src\\pages\\ProductPage.tsx": {"path":"C:\\Users\\glori\\OneDrive\\Documents\\ntdata\\BOOTCAMPFRONTEND-REACT-NTT\\src\\pages\\ProductPage.tsx","statementMap":{"0":{"start":{"line":1,"column":0},"end":{"line":1,"column":61}},"1":{"start":{"line":3,"column":0},"end":{"line":3,"column":61}},"2":{"start":{"line":4,"column":0},"end":{"line":4,"column":65}},"3":{"start":{"line":5,"column":0},"end":{"line":5,"column":61}},"4":{"start":{"line":6,"column":0},"end":{"line":6,"column":44}},"5":{"start":{"line":13,"column":20},"end":{"line":76,"column":1}},"6":{"start":{"line":14,"column":50},"end":{"line":14,"column":79}},"7":{"start":{"line":15,"column":26},"end":{"line":15,"column":37}},"8":{"start":{"line":16,"column":32},"end":{"line":16,"column":46}},"9":{"start":{"line":17,"column":34},"end":{"line":17,"column":73}},"10":{"start":{"line":18,"column":25},"end":{"line":18,"column":64}},"11":{"start":{"line":18,"column":39},"end":{"line":18,"column":59}},"12":{"start":{"line":19,"column":21},"end":{"line":19,"column":34}},"13":{"start":{"line":21,"column":24},"end":{"line":39,"column":4}},"14":{"start":{"line":21,"column":78},"end":{"line":39,"column":4}},"15":{"start":{"line":22,"column":4},"end":{"line":22,"column":35}},"16":{"start":{"line":22,"column":28},"end":{"line":22,"column":35}},"17":{"start":{"line":23,"column":4},"end":{"line":23,"column":30}},"18":{"start":{"line":25,"column":17},"end":{"line":25,"column":29}},"19":{"start":{"line":28,"column":4},"end":{"line":32,"column":5}},"20":{"start":{"line":29,"column":6},"end":{"line":29,"column":92}},"21":{"start":{"line":31,"column":6},"end":{"line":31,"column":72}},"22":{"start":{"line":34,"column":4},"end":{"line":36,"column":5}},"23":{"start":{"line":35,"column":6},"end":{"line":35,"column":24}},"24":{"start":{"line":37,"column":4},"end":{"line":37,"column":81}},"25":{"start":{"line":37,"column":42},"end":{"line":37,"column":79}},"26":{"start":{"line":38,"column":4},"end":{"line":38,"column":31}},"27":{"start":{"line":41,"column":2},"end":{"line":43,"column":23}},"28":{"start":{"line":42,"column":4},"end":{"line":42,"column":49}},"29":{"start":{"line":45,"column":31},"end":{"line":50,"column":3}},"30":{"start":{"line":46,"column":4},"end":{"line":46,"column":15}},"31":{"start":{"line":47,"column":4},"end":{"line":47,"column":21}},"32":{"start":{"line":48,"column":4},"end":{"line":48,"column":28}},"33":{"start":{"line":49,"column":4},"end":{"line":49,"column":26}},"34":{"start":{"line":52,"column":23},"end":{"line":56,"column":3}},"35":{"start":{"line":53,"column":4},"end":{"line":55,"column":5}},"36":{"start":{"line":54,"column":6},"end":{"line":54,"column":42}},"37":{"start":{"line":54,"column":28},"end":{"line":54,"column":40}},"38":{"start":{"line":58,"column":2},"end":{"line":61,"column":16}},"39":{"start":{"line":59,"column":4},"end":{"line":59,"column":52}},"40":{"start":{"line":60,"column":4},"end":{"line":60,"column":68}},"41":{"start":{"line":60,"column":17},"end":{"line":60,"column":67}},"42":{"start":{"line":63,"column":2},"end":{"line":75,"column":4}},"43":{"start":{"line":69,"column":12},"end":{"line":69,"column":42}},"44":{"start":{"line":78,"column":0},"end":{"line":78,"column":27}}},"fnMap":{"0":{"name":"(anonymous_8)","decl":{"start":{"line":13,"column":20},"end":{"line":13,"column":21}},"loc":{"start":{"line":13,"column":52},"end":{"line":76,"column":1}}},"1":{"name":"(anonymous_9)","decl":{"start":{"line":18,"column":33},"end":{"line":18,"column":36}},"loc":{"start":{"line":18,"column":39},"end":{"line":18,"column":59}}},"2":{"name":"(anonymous_10)","decl":{"start":{"line":21,"column":24},"end":{"line":21,"column":31}},"loc":{"start":{"line":21,"column":78},"end":{"line":39,"column":4}}},"3":{"name":"(anonymous_11)","decl":{"start":{"line":21,"column":78},"end":{"line":21,"column":null}},"loc":{"start":{"line":21,"column":74},"end":{"line":39,"column":3}}},"4":{"name":"(anonymous_12)","decl":{"start":{"line":37,"column":24},"end":{"line":37,"column":25}},"loc":{"start":{"line":37,"column":42},"end":{"line":37,"column":79}}},"5":{"name":"(anonymous_13)","decl":{"start":{"line":41,"column":12},"end":{"line":41,"column":15}},"loc":{"start":{"line":41,"column":17},"end":{"line":43,"column":3}}},"6":{"name":"(anonymous_14)","decl":{"start":{"line":45,"column":31},"end":{"line":45,"column":32}},"loc":{"start":{"line":45,"column":52},"end":{"line":50,"column":3}}},"7":{"name":"(anonymous_15)","decl":{"start":{"line":52,"column":23},"end":{"line":52,"column":26}},"loc":{"start":{"line":52,"column":28},"end":{"line":56,"column":3}}},"8":{"name":"(anonymous_16)","decl":{"start":{"line":54,"column":14},"end":{"line":54,"column":15}},"loc":{"start":{"line":54,"column":28},"end":{"line":54,"column":40}}},"9":{"name":"(anonymous_17)","decl":{"start":{"line":58,"column":12},"end":{"line":58,"column":15}},"loc":{"start":{"line":58,"column":17},"end":{"line":61,"column":3}}},"10":{"name":"(anonymous_18)","decl":{"start":{"line":60,"column":11},"end":{"line":60,"column":14}},"loc":{"start":{"line":60,"column":17},"end":{"line":60,"column":67}}},"11":{"name":"(anonymous_19)","decl":{"start":{"line":68,"column":32},"end":{"line":68,"column":33}},"loc":{"start":{"line":69,"column":12},"end":{"line":69,"column":42}}}},"branchMap":{"0":{"loc":{"start":{"line":21,"column":49},"end":{"line":21,"column":59}},"type":"default-arg","locations":[{"start":{"line":21,"column":57},"end":{"line":21,"column":59}}]},"1":{"loc":{"start":{"line":22,"column":4},"end":{"line":22,"column":35}},"type":"if","locations":[{"start":{"line":22,"column":4},"end":{"line":22,"column":35}}]},"2":{"loc":{"start":{"line":28,"column":4},"end":{"line":32,"column":5}},"type":"if","locations":[{"start":{"line":28,"column":4},"end":{"line":32,"column":5}},{"start":{"line":30,"column":11},"end":{"line":32,"column":5}}]},"3":{"loc":{"start":{"line":34,"column":4},"end":{"line":36,"column":5}},"type":"if","locations":[{"start":{"line":34,"column":4},"end":{"line":36,"column":5}}]},"4":{"loc":{"start":{"line":53,"column":4},"end":{"line":55,"column":5}},"type":"if","locations":[{"start":{"line":53,"column":4},"end":{"line":55,"column":5}}]},"5":{"loc":{"start":{"line":53,"column":8},"end":{"line":53,"column":119}},"type":"binary-expr","locations":[{"start":{"line":53,"column":8},"end":{"line":53,"column":108}},{"start":{"line":53,"column":112},"end":{"line":53,"column":119}}]},"6":{"loc":{"start":{"line":72,"column":9},"end":{"line":72,"column":38}},"type":"binary-expr","locations":[{"start":{"line":72,"column":9},"end":{"line":72,"column":16}},{"start":{"line":72,"column":20},"end":{"line":72,"column":38}}]}},"s":{"0":0,"1":0,"2":0,"3":0,"4":0,"5":0,"6":0,"7":0,"8":0,"9":0,"10":0,"11":0,"12":0,"13":0,"14":0,"15":0,"16":0,"17":0,"18":0,"19":0,"20":0,"21":0,"22":0,"23":0,"24":0,"25":0,"26":0,"27":0,"28":0,"29":0,"30":0,"31":0,"32":0,"33":0,"34":0,"35":0,"36":0,"37":0,"38":0,"39":0,"40":0,"41":0,"42":0,"43":0,"44":0},"f":{"0":0,"1":0,"2":0,"3":0,"4":0,"5":0,"6":0,"7":0,"8":0,"9":0,"10":0,"11":0},"b":{"0":[0],"1":[0],"2":[0,0],"3":[0],"4":[0],"5":[0,0],"6":[0,0]}}
,"C:\\Users\\glori\\OneDrive\\Documents\\ntdata\\BOOTCAMPFRONTEND-REACT-NTT\\src\\routes\\routes.ts": {"path":"C:\\Users\\glori\\OneDrive\\Documents\\ntdata\\BOOTCAMPFRONTEND-REACT-NTT\\src\\routes\\routes.ts","statementMap":{"0":{"start":{"line":1,"column":0},"end":{"line":1,"column":null}},"1":{"start":{"line":2,"column":4},"end":{"line":2,"column":null}},"2":{"start":{"line":3,"column":4},"end":{"line":3,"column":null}},"3":{"start":{"line":4,"column":4},"end":{"line":4,"column":null}}},"fnMap":{"0":{"name":"(anonymous_0)","decl":{"start":{"line":1,"column":0},"end":{"line":1,"column":12}},"loc":{"start":{"line":1,"column":18},"end":{"line":5,"column":3}}}},"branchMap":{"0":{"loc":{"start":{"line":1,"column":12},"end":{"line":1,"column":null}},"type":"binary-expr","locations":[{"start":{"line":1,"column":12},"end":{"line":1,"column":18}},{"start":{"line":1,"column":18},"end":{"line":1,"column":null}}]}},"s":{"0":0,"1":0,"2":0,"3":0},"f":{"0":0},"b":{"0":[0,0]}}
,"C:\\Users\\glori\\OneDrive\\Documents\\ntdata\\BOOTCAMPFRONTEND-REACT-NTT\\src\\services\\product.service.ts": {"path":"C:\\Users\\glori\\OneDrive\\Documents\\ntdata\\BOOTCAMPFRONTEND-REACT-NTT\\src\\services\\product.service.ts","statementMap":{"0":{"start":{"line":10,"column":2},"end":{"line":10,"column":45}},"1":{"start":{"line":19,"column":4},"end":{"line":33,"column":null}},"2":{"start":{"line":22,"column":4},"end":{"line":32,"column":5}},"3":{"start":{"line":23,"column":23},"end":{"line":23,"column":81}},"4":{"start":{"line":24,"column":6},"end":{"line":26,"column":7}},"5":{"start":{"line":25,"column":8},"end":{"line":25,"column":75}},"6":{"start":{"line":27,"column":35},"end":{"line":27,"column":56}},"7":{"start":{"line":28,"column":6},"end":{"line":28,"column":27}},"8":{"start":{"line":30,"column":6},"end":{"line":30,"column":27}},"9":{"start":{"line":31,"column":6},"end":{"line":31,"column":18}},"10":{"start":{"line":41,"column":4},"end":{"line":51,"column":5}},"11":{"start":{"line":42,"column":23},"end":{"line":42,"column":71}},"12":{"start":{"line":43,"column":6},"end":{"line":45,"column":7}},"13":{"start":{"line":44,"column":8},"end":{"line":44,"column":76}},"14":{"start":{"line":46,"column":19},"end":{"line":46,"column":40}},"15":{"start":{"line":47,"column":6},"end":{"line":47,"column":27}},"16":{"start":{"line":49,"column":6},"end":{"line":49,"column":27}},"17":{"start":{"line":50,"column":6},"end":{"line":50,"column":18}},"18":{"start":{"line":59,"column":4},"end":{"line":69,"column":5}},"19":{"start":{"line":60,"column":23},"end":{"line":60,"column":64}},"20":{"start":{"line":61,"column":6},"end":{"line":63,"column":7}},"21":{"start":{"line":62,"column":8},"end":{"line":62,"column":77}},"22":{"start":{"line":64,"column":19},"end":{"line":64,"column":40}},"23":{"start":{"line":65,"column":6},"end":{"line":65,"column":18}},"24":{"start":{"line":67,"column":6},"end":{"line":67,"column":27}},"25":{"start":{"line":68,"column":6},"end":{"line":68,"column":18}},"26":{"start":{"line":80,"column":4},"end":{"line":97,"column":null}},"27":{"start":{"line":84,"column":4},"end":{"line":96,"column":5}},"28":{"start":{"line":85,"column":23},"end":{"line":86,"column":null}},"29":{"start":{"line":88,"column":6},"end":{"line":90,"column":7}},"30":{"start":{"line":89,"column":8},"end":{"line":89,"column":87}},"31":{"start":{"line":91,"column":35},"end":{"line":91,"column":56}},"32":{"start":{"line":92,"column":6},"end":{"line":92,"column":27}},"33":{"start":{"line":94,"column":6},"end":{"line":94,"column":27}},"34":{"start":{"line":95,"column":6},"end":{"line":95,"column":18}},"35":{"start":{"line":104,"column":32},"end":{"line":119,"column":null}},"36":{"start":{"line":105,"column":4},"end":{"line":118,"column":5}},"37":{"start":{"line":106,"column":23},"end":{"line":106,"column":64}},"38":{"start":{"line":107,"column":6},"end":{"line":109,"column":7}},"39":{"start":{"line":108,"column":8},"end":{"line":108,"column":88}},"40":{"start":{"line":110,"column":19},"end":{"line":110,"column":40}},"41":{"start":{"line":111,"column":23},"end":{"line":112,"column":null}},"42":{"start":{"line":112,"column":32},"end":{"line":112,"column":54}},"43":{"start":{"line":114,"column":6},"end":{"line":114,"column":43}},"44":{"start":{"line":116,"column":6},"end":{"line":116,"column":27}},"45":{"start":{"line":117,"column":6},"end":{"line":117,"column":18}},"46":{"start":{"line":9,"column":0},"end":{"line":9,"column":13}}},"fnMap":{"0":{"name":"(anonymous_7)","decl":{"start":{"line":9,"column":0},"end":{"line":9,"column":13}},"loc":{"start":{"line":9,"column":0},"end":{"line":120,"column":1}}},"1":{"name":"(anonymous_8)","decl":{"start":{"line":18,"column":8},"end":{"line":18,"column":21}},"loc":{"start":{"line":18,"column":21},"end":{"line":33,"column":null}}},"2":{"name":"(anonymous_9)","decl":{"start":{"line":19,"column":4},"end":{"line":19,"column":20}},"loc":{"start":{"line":20,"column":20},"end":{"line":33,"column":3}}},"3":{"name":"(anonymous_10)","decl":{"start":{"line":40,"column":8},"end":{"line":40,"column":22}},"loc":{"start":{"line":40,"column":36},"end":{"line":52,"column":null}}},"4":{"name":"(anonymous_12)","decl":{"start":{"line":58,"column":8},"end":{"line":58,"column":23}},"loc":{"start":{"line":58,"column":23},"end":{"line":70,"column":null}}},"5":{"name":"(anonymous_14)","decl":{"start":{"line":79,"column":8},"end":{"line":79,"column":31}},"loc":{"start":{"line":79,"column":31},"end":{"line":97,"column":null}}},"6":{"name":"(anonymous_15)","decl":{"start":{"line":80,"column":4},"end":{"line":80,"column":20}},"loc":{"start":{"line":82,"column":20},"end":{"line":97,"column":3}}},"7":{"name":"(anonymous_16)","decl":{"start":{"line":104,"column":8},"end":{"line":104,"column":31}},"loc":{"start":{"line":104,"column":31},"end":{"line":119,"column":null}}},"8":{"name":"(anonymous_17)","decl":{"start":{"line":104,"column":32},"end":{"line":104,"column":47}},"loc":{"start":{"line":104,"column":55},"end":{"line":119,"column":3}}},"9":{"name":"(anonymous_18)","decl":{"start":{"line":112,"column":8},"end":{"line":112,"column":9}},"loc":{"start":{"line":112,"column":32},"end":{"line":112,"column":54}}}},"branchMap":{"0":{"loc":{"start":{"line":19,"column":4},"end":{"line":19,"column":22}},"type":"default-arg","locations":[{"start":{"line":19,"column":20},"end":{"line":19,"column":22}}]},"1":{"loc":{"start":{"line":20,"column":4},"end":{"line":20,"column":20}},"type":"default-arg","locations":[{"start":{"line":20,"column":19},"end":{"line":20,"column":20}}]},"2":{"loc":{"start":{"line":24,"column":6},"end":{"line":26,"column":7}},"type":"if","locations":[{"start":{"line":24,"column":6},"end":{"line":26,"column":7}}]},"3":{"loc":{"start":{"line":43,"column":6},"end":{"line":45,"column":7}},"type":"if","locations":[{"start":{"line":43,"column":6},"end":{"line":45,"column":7}}]},"4":{"loc":{"start":{"line":61,"column":6},"end":{"line":63,"column":7}},"type":"if","locations":[{"start":{"line":61,"column":6},"end":{"line":63,"column":7}}]},"5":{"loc":{"start":{"line":81,"column":4},"end":{"line":81,"column":22}},"type":"default-arg","locations":[{"start":{"line":81,"column":20},"end":{"line":81,"column":22}}]},"6":{"loc":{"start":{"line":82,"column":4},"end":{"line":82,"column":20}},"type":"default-arg","locations":[{"start":{"line":82,"column":19},"end":{"line":82,"column":20}}]},"7":{"loc":{"start":{"line":88,"column":6},"end":{"line":90,"column":7}},"type":"if","locations":[{"start":{"line":88,"column":6},"end":{"line":90,"column":7}}]},"8":{"loc":{"start":{"line":104,"column":32},"end":{"line":104,"column":55}},"type":"default-arg","locations":[{"start":{"line":104,"column":47},"end":{"line":104,"column":55}}]},"9":{"loc":{"start":{"line":107,"column":6},"end":{"line":109,"column":7}},"type":"if","locations":[{"start":{"line":107,"column":6},"end":{"line":109,"column":7}}]},"10":{"loc":{"start":{"line":114,"column":13},"end":{"line":114,"column":42}},"type":"cond-expr","locations":[{"start":{"line":114,"column":24},"end":{"line":114,"column":37}},{"start":{"line":114,"column":40},"end":{"line":114,"column":42}}]}},"s":{"0":0,"1":0,"2":0,"3":0,"4":0,"5":0,"6":0,"7":0,"8":0,"9":0,"10":0,"11":0,"12":0,"13":0,"14":0,"15":0,"16":0,"17":0,"18":0,"19":0,"20":0,"21":0,"22":0,"23":0,"24":0,"25":0,"26":0,"27":0,"28":0,"29":0,"30":0,"31":0,"32":0,"33":0,"34":0,"35":0,"36":0,"37":0,"38":0,"39":0,"40":0,"41":0,"42":0,"43":0,"44":0,"45":0,"46":0},"f":{"0":0,"1":0,"2":0,"3":0,"4":0,"5":0,"6":0,"7":0,"8":0,"9":0},"b":{"0":[0],"1":[0],"2":[0],"3":[0],"4":[0],"5":[0],"6":[0],"7":[0],"8":[0],"9":[0],"10":[0,0]}}
,"C:\\Users\\glori\\OneDrive\\Documents\\ntdata\\BOOTCAMPFRONTEND-REACT-NTT\\src\\types\\regex.enum.ts": {"path":"C:\\Users\\glori\\OneDrive\\Documents\\ntdata\\BOOTCAMPFRONTEND-REACT-NTT\\src\\types\\regex.enum.ts","statementMap":{"0":{"start":{"line":1,"column":0},"end":{"line":1,"column":null}},"1":{"start":{"line":2,"column":2},"end":{"line":2,"column":null}},"2":{"start":{"line":3,"column":2},"end":{"line":3,"column":null}},"3":{"start":{"line":4,"column":2},"end":{"line":4,"column":null}}},"fnMap":{"0":{"name":"(anonymous_0)","decl":{"start":{"line":1,"column":0},"end":{"line":1,"column":12}},"loc":{"start":{"line":1,"column":25},"end":{"line":5,"column":1}}}},"branchMap":{"0":{"loc":{"start":{"line":1,"column":12},"end":{"line":1,"column":null}},"type":"binary-expr","locations":[{"start":{"line":1,"column":12},"end":{"line":1,"column":25}},{"start":{"line":1,"column":25},"end":{"line":1,"column":null}}]}},"s":{"0":0,"1":0,"2":0,"3":0},"f":{"0":0},"b":{"0":[0,0]}}
,"C:\\Users\\glori\\OneDrive\\Documents\\ntdata\\BOOTCAMPFRONTEND-REACT-NTT\\src\\utils\\cartUtils.ts": {"path":"C:\\Users\\glori\\OneDrive\\Documents\\ntdata\\BOOTCAMPFRONTEND-REACT-NTT\\src\\utils\\cartUtils.ts","statementMap":{"0":{"start":{"line":3,"column":30},"end":{"line":9,"column":1}},"1":{"start":{"line":4,"column":16},"end":{"line":6,"column":7}},"2":{"start":{"line":5,"column":4},"end":{"line":5,"column":44}},"3":{"start":{"line":8,"column":2},"end":{"line":8,"column":15}},"4":{"start":{"line":3,"column":13},"end":{"line":3,"column":30}}},"fnMap":{"0":{"name":"(anonymous_0)","decl":{"start":{"line":3,"column":30},"end":{"line":3,"column":31}},"loc":{"start":{"line":3,"column":60},"end":{"line":9,"column":1}}},"1":{"name":"(anonymous_1)","decl":{"start":{"line":4,"column":29},"end":{"line":4,"column":30}},"loc":{"start":{"line":4,"column":61},"end":{"line":6,"column":3}}}},"branchMap":{},"s":{"0":0,"1":0,"2":0,"3":0,"4":0},"f":{"0":0,"1":0},"b":{}}
,"C:\\Users\\glori\\OneDrive\\Documents\\ntdata\\BOOTCAMPFRONTEND-REACT-NTT\\src\\utils\\emailvalidation.ts": {"path":"C:\\Users\\glori\\OneDrive\\Documents\\ntdata\\BOOTCAMPFRONTEND-REACT-NTT\\src\\utils\\emailvalidation.ts","statementMap":{"0":{"start":{"line":1,"column":0},"end":{"line":1,"column":51}},"1":{"start":{"line":8,"column":29},"end":{"line":17,"column":1}},"2":{"start":{"line":10,"column":21},"end":{"line":10,"column":52}},"3":{"start":{"line":12,"column":2},"end":{"line":14,"column":3}},"4":{"start":{"line":13,"column":4},"end":{"line":13,"column":57}},"5":{"start":{"line":16,"column":2},"end":{"line":16,"column":12}},"6":{"start":{"line":8,"column":13},"end":{"line":8,"column":29}}},"fnMap":{"0":{"name":"(anonymous_0)","decl":{"start":{"line":8,"column":29},"end":{"line":8,"column":30}},"loc":{"start":{"line":8,"column":55},"end":{"line":17,"column":1}}}},"branchMap":{"0":{"loc":{"start":{"line":12,"column":2},"end":{"line":14,"column":3}},"type":"if","locations":[{"start":{"line":12,"column":2},"end":{"line":14,"column":3}}]},"1":{"loc":{"start":{"line":12,"column":6},"end":{"line":12,"column":46}},"type":"binary-expr","locations":[{"start":{"line":12,"column":6},"end":{"line":12,"column":19}},{"start":{"line":12,"column":23},"end":{"line":12,"column":46}}]}},"s":{"0":0,"1":0,"2":0,"3":0,"4":0,"5":0,"6":0},"f":{"0":0},"b":{"0":[0],"1":[0,0]}}
,"C:\\Users\\glori\\OneDrive\\Documents\\ntdata\\BOOTCAMPFRONTEND-REACT-NTT\\src\\utils\\validation.ts": {"path":"C:\\Users\\glori\\OneDrive\\Documents\\ntdata\\BOOTCAMPFRONTEND-REACT-NTT\\src\\utils\\validation.ts","statementMap":{"0":{"start":{"line":1,"column":0},"end":{"line":1,"column":52}},"1":{"start":{"line":6,"column":28},"end":{"line":11,"column":1}},"2":{"start":{"line":7,"column":2},"end":{"line":9,"column":3}},"3":{"start":{"line":8,"column":4},"end":{"line":8,"column":43}},"4":{"start":{"line":10,"column":2},"end":{"line":10,"column":12}},"5":{"start":{"line":6,"column":13},"end":{"line":6,"column":28}},"6":{"start":{"line":14,"column":31},"end":{"line":19,"column":1}},"7":{"start":{"line":15,"column":2},"end":{"line":17,"column":3}},"8":{"start":{"line":16,"column":4},"end":{"line":16,"column":43}},"9":{"start":{"line":18,"column":2},"end":{"line":18,"column":12}},"10":{"start":{"line":14,"column":13},"end":{"line":14,"column":31}},"11":{"start":{"line":22,"column":32},"end":{"line":27,"column":1}},"12":{"start":{"line":23,"column":2},"end":{"line":25,"column":3}},"13":{"start":{"line":24,"column":4},"end":{"line":24,"column":31}},"14":{"start":{"line":26,"column":2},"end":{"line":26,"column":12}},"15":{"start":{"line":22,"column":13},"end":{"line":22,"column":32}},"16":{"start":{"line":30,"column":33},"end":{"line":35,"column":1}},"17":{"start":{"line":31,"column":2},"end":{"line":33,"column":3}},"18":{"start":{"line":32,"column":4},"end":{"line":32,"column":31}},"19":{"start":{"line":34,"column":2},"end":{"line":34,"column":12}},"20":{"start":{"line":30,"column":13},"end":{"line":30,"column":33}},"21":{"start":{"line":38,"column":34},"end":{"line":43,"column":1}},"22":{"start":{"line":39,"column":2},"end":{"line":41,"column":3}},"23":{"start":{"line":40,"column":4},"end":{"line":40,"column":31}},"24":{"start":{"line":42,"column":2},"end":{"line":42,"column":12}},"25":{"start":{"line":38,"column":13},"end":{"line":38,"column":34}},"26":{"start":{"line":46,"column":28},"end":{"line":57,"column":1}},"27":{"start":{"line":47,"column":25},"end":{"line":54,"column":4}},"28":{"start":{"line":56,"column":2},"end":{"line":56,"column":16}},"29":{"start":{"line":46,"column":13},"end":{"line":46,"column":28}}},"fnMap":{"0":{"name":"(anonymous_0)","decl":{"start":{"line":6,"column":28},"end":{"line":6,"column":29}},"loc":{"start":{"line":6,"column":53},"end":{"line":11,"column":1}}},"1":{"name":"(anonymous_1)","decl":{"start":{"line":14,"column":31},"end":{"line":14,"column":32}},"loc":{"start":{"line":14,"column":59},"end":{"line":19,"column":1}}},"2":{"name":"(anonymous_2)","decl":{"start":{"line":22,"column":32},"end":{"line":22,"column":33}},"loc":{"start":{"line":22,"column":61},"end":{"line":27,"column":1}}},"3":{"name":"(anonymous_3)","decl":{"start":{"line":30,"column":33},"end":{"line":30,"column":34}},"loc":{"start":{"line":30,"column":63},"end":{"line":35,"column":1}}},"4":{"name":"(anonymous_4)","decl":{"start":{"line":38,"column":34},"end":{"line":38,"column":35}},"loc":{"start":{"line":38,"column":65},"end":{"line":43,"column":1}}},"5":{"name":"(anonymous_5)","decl":{"start":{"line":46,"column":28},"end":{"line":46,"column":29}},"loc":{"start":{"line":46,"column":59},"end":{"line":57,"column":1}}}},"branchMap":{"0":{"loc":{"start":{"line":7,"column":2},"end":{"line":9,"column":3}},"type":"if","locations":[{"start":{"line":7,"column":2},"end":{"line":9,"column":3}}]},"1":{"loc":{"start":{"line":7,"column":6},"end":{"line":7,"column":65}},"type":"binary-expr","locations":[{"start":{"line":7,"column":6},"end":{"line":7,"column":18}},{"start":{"line":7,"column":22},"end":{"line":7,"column":65}}]},"2":{"loc":{"start":{"line":15,"column":2},"end":{"line":17,"column":3}},"type":"if","locations":[{"start":{"line":15,"column":2},"end":{"line":17,"column":3}}]},"3":{"loc":{"start":{"line":15,"column":6},"end":{"line":15,"column":76}},"type":"binary-expr","locations":[{"start":{"line":15,"column":6},"end":{"line":15,"column":21}},{"start":{"line":15,"column":25},"end":{"line":15,"column":76}}]},"4":{"loc":{"start":{"line":23,"column":2},"end":{"line":25,"column":3}},"type":"if","locations":[{"start":{"line":23,"column":2},"end":{"line":25,"column":3}}]},"5":{"loc":{"start":{"line":31,"column":2},"end":{"line":33,"column":3}},"type":"if","locations":[{"start":{"line":31,"column":2},"end":{"line":33,"column":3}}]},"6":{"loc":{"start":{"line":39,"column":2},"end":{"line":41,"column":3}},"type":"if","locations":[{"start":{"line":39,"column":2},"end":{"line":41,"column":3}}]}},"s":{"0":0,"1":0,"2":0,"3":0,"4":0,"5":0,"6":0,"7":0,"8":0,"9":0,"10":0,"11":0,"12":0,"13":0,"14":0,"15":0,"16":0,"17":0,"18":0,"19":0,"20":0,"21":0,"22":0,"23":0,"24":0,"25":0,"26":0,"27":0,"28":0,"29":0},"f":{"0":0,"1":0,"2":0,"3":0,"4":0,"5":0},"b":{"0":[0],"1":[0,0],"2":[0],"3":[0,0],"4":[0],"5":[0],"6":[0]}}
}
